<?xml version="1.0" encoding="UTF-8"?>
<testsuite name="testSuites.Prueba" tests="1" skipped="0" failures="0" errors="0" timestamp="2022-11-15T12:25:10" hostname="Joses-MacBook-Air.local" time="2.248">
  <properties/>
  <testcase name="buscarPerroEnGoogle" classname="testSuites.Prueba" time="2.248"/>
  <system-out><![CDATA[]]></system-out>
  <system-err><![CDATA[]]></system-err>
</testsuite>
